[2025-07-15 17:42:26.705971] 🚀 Deploy triggered for localhost, writing to trigger-20250715-174226.log
[Tue Jul 15 17:42:28 WIB 2025] 🔧 Starting remote deploy...
🚀 Starting deployment for profiling-database-mockup
📥 Pulling latest changes from Git...
📦 Loading environment variables from .env.production
🔨 Building fresh image...
#1 [internal] load local bake definitions
#1 reading from stdin 445B done
#1 DONE 0.0s

#2 [internal] load build definition from Dockerfile
#2 transferring dockerfile: 847B done
#2 DONE 0.1s

#3 [internal] load metadata for docker.io/library/node:22-alpine
#3 DONE 2.1s

#4 [internal] load .dockerignore
#4 transferring context: 113B 0.0s done
#4 DONE 0.1s

#5 [builder 1/8] FROM docker.io/library/node:22-alpine@sha256:10962e8568729b0cfd506170c5a2d1918a2c10ac08c0e6900180b4bac061adc9
#5 DONE 0.0s

#6 [builder 2/8] WORKDIR /app
#6 CACHED

#7 [internal] load build context
#7 transferring context: 33.29kB 0.0s done
#7 DONE 0.1s

#8 [builder 3/8] COPY package*.json ./
#8 DONE 0.7s

#9 [builder 4/8] COPY pnpm-lock.yaml ./
#9 DONE 0.6s

#10 [builder 5/8] RUN npm install --legacy-peer-deps
#10 23.45 
#10 23.45 added 426 packages, and audited 427 packages in 22s
#10 23.45 
#10 23.45 62 packages are looking for funding
#10 23.45   run `npm fund` for details
#10 23.45 
#10 23.45 found 0 vulnerabilities
#10 23.45 npm notice
#10 23.45 npm notice New major version of npm available! 10.9.2 -> 11.4.2
#10 23.45 npm notice Changelog: https://github.com/npm/cli/releases/tag/v11.4.2
#10 23.45 npm notice To update run: npm install -g npm@11.4.2
#10 23.45 npm notice
#10 DONE 76.7s

#11 [builder 6/8] COPY .env.production ./
#11 DONE 0.6s

#12 [builder 7/8] COPY . .
#12 DONE 0.9s

#13 [builder 8/8] RUN npm run build
#13 1.224 
#13 1.224 > my-v0-project@0.1.0 build
#13 1.224 > next build
#13 1.224 
#13 2.644 Attention: Next.js now collects completely anonymous telemetry regarding usage.
#13 2.644 This information is used to shape Next.js' roadmap and prioritize features.
#13 2.644 You can learn more, including how to opt-out if you'd not like to participate in this anonymous program, by visiting the following URL:
#13 2.644 https://nextjs.org/telemetry
#13 2.645 
#13 2.807    ▲ Next.js 15.2.4
#13 2.807    - Environments: .env.production, .env
#13 2.808 
#13 2.989    Creating an optimized production build ...
#13 35.24  ✓ Compiled successfully
#13 35.26    Skipping validation of types
#13 35.26    Skipping linting
#13 35.82    Collecting page data ...
#13 39.60    Generating static pages (0/10) ...
#13 41.30    Generating static pages (2/10) 
#13 41.30    Generating static pages (4/10) 
#13 41.30    Generating static pages (7/10) 
#13 41.37  ✓ Generating static pages (10/10)
#13 42.04    Finalizing page optimization ...
#13 42.04    Collecting build traces ...
#13 52.97 
#13 52.98 Route (app)                                 Size  First Load JS
#13 52.98 ┌ ○ /                                    3.39 kB         146 kB
#13 52.98 ├ ○ /_not-found                            977 B         101 kB
#13 52.98 ├ ○ /check-number-connection             6.16 kB         148 kB
#13 52.98 ├ ○ /live-tracking                       8.57 kB         151 kB
#13 52.98 ├ ○ /login                               3.92 kB         117 kB
#13 52.98 ├ ○ /search                              95.9 kB         238 kB
#13 52.98 ├ ○ /student-search                      7.14 kB         159 kB
#13 52.98 └ ○ /user-management                     6.87 kB         163 kB
#13 52.98 + First Load JS shared by all             100 kB
#13 52.98   ├ chunks/4bd1b696-989d33d1584df2ab.js  53.2 kB
#13 52.98   ├ chunks/684-ccf528cf09aa2a93.js       45.3 kB
#13 52.98   └ other shared chunks (total)          1.92 kB
#13 52.98 
#13 52.98 
#13 52.98 ○  (Static)  prerendered as static content
#13 52.98 
#13 DONE 53.5s

#14 [stage-1 3/7] COPY --from=builder /app/node_modules ./node_modules
#14 DONE 50.7s

#15 [stage-1 4/7] COPY --from=builder /app/package*.json ./
#15 DONE 1.7s

#16 [stage-1 5/7] COPY --from=builder /app/.next ./.next
#16 DONE 9.2s

#17 [stage-1 6/7] COPY --from=builder /app/public ./public
#17 DONE 0.8s

#18 [stage-1 7/7] COPY --from=builder /app/.env.production .env.production
#18 DONE 0.7s

#19 exporting to image
#19 exporting layers
#19 exporting layers 10.2s done
#19 writing image sha256:6535b10a34b810e039d7a7d39e3acf55e6a3d62e52811a056cdafe5843c2c68d 0.0s done
#19 naming to docker.io/library/profiling-database-mockup:latest 0.0s done
#19 DONE 10.4s

#20 resolving provenance for metadata file
#20 DONE 0.2s
♻️ Recreating container with updated image (zero-downtime attempt)...
✅ Deployment complete!
📡 URL: http://profileinsight.net/
ℹ️ Use './deploy.sh --logs' to see container logs
✅ Deploy finished in 0h 4m 8s.
