[2025-07-15 16:17:51.754994] 🚀 Deploy triggered, writing to trigger-20250715-161751.log
[Tue Jul 15 16:17:52 WIB 2025] 🔧 Starting remote deploy...
🚀 Starting deployment for profiling-database-mockup
📥 Pulling latest changes from Git...
📦 Loading environment variables from .env.production
🔨 Building fresh image...
#1 [internal] load local bake definitions
#1 reading from stdin 445B done
#1 DONE 0.0s

#2 [internal] load build definition from Dockerfile
#2 transferring dockerfile: 847B 0.0s done
#2 DONE 0.1s

#3 [internal] load metadata for docker.io/library/node:22-alpine
#3 DONE 2.1s

#4 [internal] load .dockerignore
#4 transferring context: 113B done
#4 DONE 0.1s

#5 [builder 1/8] FROM docker.io/library/node:22-alpine@sha256:10962e8568729b0cfd506170c5a2d1918a2c10ac08c0e6900180b4bac061adc9
#5 DONE 0.0s

#6 [builder 2/8] WORKDIR /app
#6 CACHED

#7 [internal] load build context
#7 transferring context: 22.34kB 0.0s done
#7 DONE 0.1s

#8 [builder 3/8] COPY package*.json ./
#8 DONE 0.7s

#9 [builder 4/8] COPY pnpm-lock.yaml ./
#9 DONE 0.7s

#10 [builder 5/8] RUN npm install --legacy-peer-deps
#10 26.11 
#10 26.11 added 426 packages, and audited 427 packages in 25s
#10 26.11 
#10 26.11 62 packages are looking for funding
#10 26.11   run `npm fund` for details
#10 26.11 
#10 26.11 found 0 vulnerabilities
#10 26.11 npm notice
#10 26.11 npm notice New major version of npm available! 10.9.2 -> 11.4.2
#10 26.11 npm notice Changelog: https://github.com/npm/cli/releases/tag/v11.4.2
#10 26.11 npm notice To update run: npm install -g npm@11.4.2
#10 26.11 npm notice
#10 DONE 69.1s

#11 [builder 6/8] COPY .env.production ./
#11 DONE 0.6s

#12 [builder 7/8] COPY . .
#12 DONE 0.9s

#13 [builder 8/8] RUN npm run build
#13 1.121 
#13 1.121 > my-v0-project@0.1.0 build
#13 1.121 > next build
#13 1.121 
#13 2.760 Attention: Next.js now collects completely anonymous telemetry regarding usage.
#13 2.761 This information is used to shape Next.js' roadmap and prioritize features.
#13 2.761 You can learn more, including how to opt-out if you'd not like to participate in this anonymous program, by visiting the following URL:
#13 2.761 https://nextjs.org/telemetry
#13 2.761 
#13 2.927    ▲ Next.js 15.2.4
#13 2.927    - Environments: .env.production, .env
#13 2.928 
#13 3.098    Creating an optimized production build ...
#13 34.48  ✓ Compiled successfully
#13 34.49    Skipping validation of types
#13 34.49    Skipping linting
#13 35.03    Collecting page data ...
#13 38.56    Generating static pages (0/10) ...
#13 40.01    Generating static pages (2/10) 
#13 40.01    Generating static pages (4/10) 
#13 40.01    Generating static pages (7/10) 
#13 40.23  ✓ Generating static pages (10/10)
#13 40.75    Finalizing page optimization ...
#13 40.75    Collecting build traces ...
#13 52.88 
#13 52.89 Route (app)                                 Size  First Load JS
#13 52.89 ┌ ○ /                                    3.39 kB         146 kB
#13 52.89 ├ ○ /_not-found                            977 B         101 kB
#13 52.89 ├ ○ /check-number-connection             6.16 kB         148 kB
#13 52.89 ├ ○ /live-tracking                       8.57 kB         151 kB
#13 52.89 ├ ○ /login                               3.82 kB         117 kB
#13 52.89 ├ ○ /search                              95.9 kB         238 kB
#13 52.89 ├ ○ /student-search                      7.83 kB         159 kB
#13 52.89 └ ○ /user-management                     6.87 kB         163 kB
#13 52.89 + First Load JS shared by all             100 kB
#13 52.89   ├ chunks/4bd1b696-989d33d1584df2ab.js  53.2 kB
#13 52.89   ├ chunks/684-ccf528cf09aa2a93.js       45.3 kB
#13 52.89   └ other shared chunks (total)          1.92 kB
#13 52.89 
#13 52.89 
#13 52.89 ○  (Static)  prerendered as static content
#13 52.89 
#13 DONE 56.8s

#14 [stage-1 3/7] COPY --from=builder /app/node_modules ./node_modules
#14 DONE 56.4s

#15 [stage-1 4/7] COPY --from=builder /app/package*.json ./
#15 DONE 1.6s

#16 [stage-1 5/7] COPY --from=builder /app/.next ./.next
#16 DONE 9.4s

#17 [stage-1 6/7] COPY --from=builder /app/public ./public
#17 DONE 0.9s

#18 [stage-1 7/7] COPY --from=builder /app/.env.production .env.production
#18 DONE 0.7s

#19 exporting to image
#19 exporting layers
#19 exporting layers 10.4s done
#19 writing image sha256:e202dc36210356c16412c38034b362beb3e38537d25e578e654c52a5393056f4 0.0s done
#19 naming to docker.io/library/profiling-database-mockup:latest 0.1s done
#19 DONE 10.6s

#20 resolving provenance for metadata file
#20 DONE 0.1s
♻️ Recreating container with updated image (zero-downtime attempt)...
✅ Deployment complete!
📡 URL: http://profileinsight.net/
ℹ️ Use './deploy.sh --logs' to see container logs
✅ Deploy finished in 0h 4m 3s.
