[2025-07-15 13:16:57.681731] 🚀 Deploy triggered, writing to trigger-20250715-131657.log
[Tue Jul 15 13:17:00 WIB 2025] 🔧 Starting remote deploy...
🚀 Starting deployment for profiling-database-mockup
📥 Pulling latest changes from Git...
📦 Loading environment variables from .env.production
🔨 Building fresh image...
#1 [internal] load local bake definitions
#1 reading from stdin 445B done
#1 DONE 0.0s

#2 [internal] load build definition from Dockerfile
#2 transferring dockerfile: 847B 0.0s done
#2 DONE 0.1s

#3 [internal] load metadata for docker.io/library/node:22-alpine
#3 DONE 2.2s

#4 [internal] load .dockerignore
#4 transferring context: 113B done
#4 DONE 0.1s

#5 [builder 1/8] FROM docker.io/library/node:22-alpine@sha256:10962e8568729b0cfd506170c5a2d1918a2c10ac08c0e6900180b4bac061adc9
#5 DONE 0.0s

#6 [builder 2/8] WORKDIR /app
#6 CACHED

#7 [internal] load build context
#7 transferring context: 216.51kB 0.0s done
#7 DONE 0.1s

#8 [builder 3/8] COPY package*.json ./
#8 DONE 0.7s

#9 [builder 4/8] COPY pnpm-lock.yaml ./
#9 DONE 0.6s

#10 [builder 5/8] RUN npm install --legacy-peer-deps
#10 23.89 
#10 23.89 added 426 packages, and audited 427 packages in 23s
#10 23.89 
#10 23.89 62 packages are looking for funding
#10 23.89   run `npm fund` for details
#10 23.89 
#10 23.89 found 0 vulnerabilities
#10 23.89 npm notice
#10 23.89 npm notice New major version of npm available! 10.9.2 -> 11.4.2
#10 23.89 npm notice Changelog: https://github.com/npm/cli/releases/tag/v11.4.2
#10 23.89 npm notice To update run: npm install -g npm@11.4.2
#10 23.89 npm notice
#10 DONE 71.9s

#11 [builder 6/8] COPY .env.production ./
#11 DONE 0.5s

#12 [builder 7/8] COPY . .
#12 DONE 0.8s

#13 [builder 8/8] RUN npm run build
#13 1.119 
#13 1.119 > my-v0-project@0.1.0 build
#13 1.119 > next build
#13 1.119 
#13 2.618 Attention: Next.js now collects completely anonymous telemetry regarding usage.
#13 2.619 This information is used to shape Next.js' roadmap and prioritize features.
#13 2.619 You can learn more, including how to opt-out if you'd not like to participate in this anonymous program, by visiting the following URL:
#13 2.619 https://nextjs.org/telemetry
#13 2.619 
#13 2.758    ▲ Next.js 15.2.4
#13 2.758    - Environments: .env.production, .env
#13 2.758 
#13 2.919    Creating an optimized production build ...
#13 32.63  ✓ Compiled successfully
#13 32.64    Skipping validation of types
#13 32.64    Skipping linting
#13 33.13    Collecting page data ...
#13 36.66    Generating static pages (0/9) ...
#13 38.88    Generating static pages (2/9) 
#13 38.88    Generating static pages (4/9) 
#13 38.88    Generating static pages (6/9) 
#13 38.88  ✓ Generating static pages (9/9)
#13 39.26    Finalizing page optimization ...
#13 39.26    Collecting build traces ...
#13 50.80 
#13 50.81 Route (app)                                 Size  First Load JS
#13 50.81 ┌ ○ /                                    3.29 kB         146 kB
#13 50.81 ├ ○ /_not-found                            977 B         101 kB
#13 50.81 ├ ○ /check-number-connection             5.79 kB         148 kB
#13 50.81 ├ ○ /live-tracking                       7.77 kB         150 kB
#13 50.81 ├ ○ /login                               3.73 kB         117 kB
#13 50.81 ├ ○ /search                              95.7 kB         238 kB
#13 50.81 └ ○ /user-management                     15.7 kB         162 kB
#13 50.81 + First Load JS shared by all             100 kB
#13 50.81   ├ chunks/4bd1b696-989d33d1584df2ab.js  53.2 kB
#13 50.81   ├ chunks/684-ccf528cf09aa2a93.js       45.3 kB
#13 50.81   └ other shared chunks (total)          1.92 kB
#13 50.81 
#13 50.81 
#13 50.81 ○  (Static)  prerendered as static content
#13 50.81 
#13 DONE 54.8s

#14 [stage-1 3/7] COPY --from=builder /app/node_modules ./node_modules
#14 DONE 53.4s

#15 [stage-1 4/7] COPY --from=builder /app/package*.json ./
#15 DONE 1.6s

#16 [stage-1 5/7] COPY --from=builder /app/.next ./.next
#16 DONE 8.1s

#17 [stage-1 6/7] COPY --from=builder /app/public ./public
#17 DONE 0.9s

#18 [stage-1 7/7] COPY --from=builder /app/.env.production .env.production
#18 DONE 0.7s

#19 exporting to image
#19 exporting layers
#19 exporting layers 10.1s done
#19 writing image sha256:cf719ddde7dede410416c9b9d7b7a134ac8459b507dd2af41fea6f3df5bc35b6 0.0s done
#19 naming to docker.io/library/profiling-database-mockup:latest 0.0s done
#19 DONE 10.3s

#20 resolving provenance for metadata file
#20 DONE 0.3s
♻️ Recreating container with updated image (zero-downtime attempt)...
✅ Deployment complete!
📡 URL: http://profileinsight.net/
ℹ️ Use './deploy.sh --logs' to see container logs
✅ Deploy finished in 0h 4m 8s.
