[2025-07-15 13:48:21.749007] 🚀 Deploy triggered, writing to trigger-20250715-134821.log
[Tue Jul 15 13:48:22 WIB 2025] 🔧 Starting remote deploy...
🚀 Starting deployment for profiling-database-mockup
📥 Pulling latest changes from Git...
📦 Loading environment variables from .env.production
🔨 Building fresh image...
#1 [internal] load local bake definitions
#1 reading from stdin 445B done
#1 DONE 0.0s

#2 [internal] load build definition from Dockerfile
#2 transferring dockerfile: 847B 0.0s done
#2 DONE 0.1s

#3 [internal] load metadata for docker.io/library/node:22-alpine
#3 DONE 2.0s

#4 [internal] load .dockerignore
#4 transferring context: 113B 0.0s done
#4 DONE 0.1s

#5 [builder 1/8] FROM docker.io/library/node:22-alpine@sha256:10962e8568729b0cfd506170c5a2d1918a2c10ac08c0e6900180b4bac061adc9
#5 DONE 0.0s

#6 [builder 2/8] WORKDIR /app
#6 CACHED

#7 [internal] load build context
#7 transferring context: 62.39kB 0.0s done
#7 DONE 0.3s

#8 [builder 3/8] COPY package*.json ./
#8 DONE 0.5s

#9 [builder 4/8] COPY pnpm-lock.yaml ./
#9 DONE 0.6s

#10 [builder 5/8] RUN npm install --legacy-peer-deps
#10 24.94 
#10 24.94 added 426 packages, and audited 427 packages in 24s
#10 24.94 
#10 24.94 62 packages are looking for funding
#10 24.94   run `npm fund` for details
#10 24.95 
#10 24.95 found 0 vulnerabilities
#10 24.95 npm notice
#10 24.95 npm notice New major version of npm available! 10.9.2 -> 11.4.2
#10 24.95 npm notice Changelog: https://github.com/npm/cli/releases/tag/v11.4.2
#10 24.95 npm notice To update run: npm install -g npm@11.4.2
#10 24.95 npm notice
#10 DONE 58.8s

#11 [builder 6/8] COPY .env.production ./
#11 DONE 0.6s

#12 [builder 7/8] COPY . .
#12 DONE 0.8s

#13 [builder 8/8] RUN npm run build
#13 1.277 
#13 1.277 > my-v0-project@0.1.0 build
#13 1.277 > next build
#13 1.277 
#13 2.761 Attention: Next.js now collects completely anonymous telemetry regarding usage.
#13 2.761 This information is used to shape Next.js' roadmap and prioritize features.
#13 2.761 You can learn more, including how to opt-out if you'd not like to participate in this anonymous program, by visiting the following URL:
#13 2.761 https://nextjs.org/telemetry
#13 2.761 
#13 2.915    ▲ Next.js 15.2.4
#13 2.915    - Environments: .env.production, .env
#13 2.915 
#13 3.082    Creating an optimized production build ...
#13 36.06  ✓ Compiled successfully
#13 36.07    Skipping validation of types
#13 36.07    Skipping linting
#13 36.58    Collecting page data ...
#13 40.18    Generating static pages (0/9) ...
#13 42.03    Generating static pages (2/9) 
#13 42.03    Generating static pages (4/9) 
#13 42.03    Generating static pages (6/9) 
#13 42.13  ✓ Generating static pages (9/9)
#13 42.70    Finalizing page optimization ...
#13 42.70    Collecting build traces ...
#13 54.17 
#13 54.17 Route (app)                                 Size  First Load JS
#13 54.17 ┌ ○ /                                    3.29 kB         146 kB
#13 54.17 ├ ○ /_not-found                            977 B         101 kB
#13 54.17 ├ ○ /check-number-connection             5.96 kB         148 kB
#13 54.17 ├ ○ /live-tracking                       7.77 kB         150 kB
#13 54.17 ├ ○ /login                               3.73 kB         117 kB
#13 54.17 ├ ○ /search                              95.7 kB         238 kB
#13 54.17 └ ○ /user-management                     15.7 kB         162 kB
#13 54.17 + First Load JS shared by all             100 kB
#13 54.17   ├ chunks/4bd1b696-989d33d1584df2ab.js  53.2 kB
#13 54.17   ├ chunks/684-ccf528cf09aa2a93.js       45.3 kB
#13 54.17   └ other shared chunks (total)          1.92 kB
#13 54.17 
#13 54.17 
#13 54.17 ○  (Static)  prerendered as static content
#13 54.17 
#13 DONE 58.1s

#14 [stage-1 3/7] COPY --from=builder /app/node_modules ./node_modules
#14 DONE 54.1s

#15 [stage-1 4/7] COPY --from=builder /app/package*.json ./
#15 DONE 1.7s

#16 [stage-1 5/7] COPY --from=builder /app/.next ./.next
#16 DONE 5.1s

#17 [stage-1 6/7] COPY --from=builder /app/public ./public
#17 DONE 1.0s

#18 [stage-1 7/7] COPY --from=builder /app/.env.production .env.production
#18 DONE 0.7s

#19 exporting to image
#19 exporting layers
#19 exporting layers 10.0s done
#19 writing image sha256:0360a8167fce80c92198e6a2c60c7eb625655d9c85d7ed2cdb518e8e6d66b005 0.0s done
#19 naming to docker.io/library/profiling-database-mockup:latest 0.0s done
#19 DONE 10.2s

#20 resolving provenance for metadata file
#20 DONE 0.1s
♻️ Recreating container with updated image (zero-downtime attempt)...
✅ Deployment complete!
📡 URL: http://profileinsight.net/
ℹ️ Use './deploy.sh --logs' to see container logs
✅ Deploy finished in 0h 3m 52s.
